Vivado Simulator 2018.2
Copyright 1986-1999, 2001-2018 Xilinx, Inc. All Rights Reserved.
Running: D:/Xilinx/Vivado/2018.2/bin/unwrapped/win64.o/xelab.exe -wto 1676ba9da23046cfb6c7b311590793c9 --incr --debug typical --relax --mt 2 -L fifo_generator_v13_2_2 -L xil_defaultlib -L unisims_ver -L unimacro_ver -L secureip -L xpm --snapshot top_tb_behav xil_defaultlib.top_tb xil_defaultlib.glbl -log elaborate.log 
Using 2 slave threads.
Starting static elaboration
Completed static elaboration
Starting simulation data flow analysis
Completed simulation data flow analysis
Time Resolution for simulation is 1ps
Compiling module xil_defaultlib.uart_Baudrate_default
Compiling module fifo_generator_v13_2_2.fifo_generator_v13_2_2_sync_stag...
Compiling module fifo_generator_v13_2_2.fifo_generator_v13_2_2_bhv_ver_a...
Compiling module fifo_generator_v13_2_2.fifo_generator_v13_2_2_CONV_VER(...
Compiling module fifo_generator_v13_2_2.fifo_generator_vlog_beh(C_DATA_C...
Compiling module fifo_generator_v13_2_2.fifo_generator_v13_2_2(C_DATA_CO...
Compiling module xil_defaultlib.fifo_uart
Compiling module xil_defaultlib.uart_tx
Compiling module xil_defaultlib.uart_rx
Compiling module xil_defaultlib.uart_model
Compiling module xil_defaultlib.top_tb
Compiling module xil_defaultlib.glbl
Built simulation snapshot top_tb_behav
